<?xml version="1.0" encoding="UTF-8"?>
<robot generator="Robot 7.2.2 (Python 3.11.2 on linux)" generated="2025-04-23T12:15:21.384043" rpa="false" schemaversion="5">
<suite id="s1" name="Test" source="/test">
<suite id="s1-s1" name="Ping" source="/test/ping.robot">
<test id="s1-s1-t1" name="Test Receiving" line="14">
<kw name="Start Test Server" owner="TestPingServer" type="SETUP">
<status status="PASS" start="2025-04-23T12:15:21.410470" elapsed="0.000652"/>
</kw>
<kw name="Start Process" owner="Process">
<msg time="2025-04-23T12:15:21.411614" level="INFO">Starting process:
/ft_ping -c1 127.0.0.1</msg>
<msg time="2025-04-23T12:15:21.416516" level="INFO">${process} = &lt;Popen: returncode: None args: ['/ft_ping', '-c1', '127.0.0.1']&gt;</msg>
<var>${process}</var>
<arg>${PING_BIN}</arg>
<arg>-c1</arg>
<arg>127.0.0.1</arg>
<doc>Starts a new process on background.</doc>
<status status="PASS" start="2025-04-23T12:15:21.411306" elapsed="0.005260"/>
</kw>
<kw name="Wait For Message" owner="TestPingServer">
<msg time="2025-04-23T12:15:21.417448" level="INFO">[Thread] Packet from '127.0.0.1': 0 b'E\x00\x00T\xc6\x80@\x00@\x01v&amp;\x7f\x00\x00\x01\x7f\x00\x00\x01\x08\x00\xa19\x00\x08\x00\x00\x87\xbe\x00\x00\x00\x00\x00\x00\xc7i\x8a\x04\x00\x00\x00\x00\x00\x01\x02\x03\x04\x05\x06\x07\x08\t\n\x0b\x0c\r\x0e\x0f\x10\x11\x12\x13\x14\x15\x16\x17\x18\x19\x1a\x1b\x1c\x1d\x1e\x1f !"#$%&amp;\''</msg>
<status status="PASS" start="2025-04-23T12:15:21.416893" elapsed="0.000626"/>
</kw>
<kw name="Reply Message" owner="TestPingServer">
<status status="PASS" start="2025-04-23T12:15:21.417655" elapsed="0.000266"/>
</kw>
<kw name="Wait For Process" owner="Process">
<msg time="2025-04-23T12:15:21.418442" level="INFO">Waiting for process to complete.</msg>
<msg time="2025-04-23T12:15:21.418538" level="INFO">Process completed.</msg>
<msg time="2025-04-23T12:15:21.418659" level="INFO">${result} = &lt;result object with rc 0&gt;</msg>
<var>${result}</var>
<arg>${process}</arg>
<doc>Waits for the process to complete or to reach the given timeout.</doc>
<status status="PASS" start="2025-04-23T12:15:21.418055" elapsed="0.000644"/>
</kw>
<kw name="Log" owner="BuiltIn">
<msg time="2025-04-23T12:15:21.419447" level="INFO">Stdout is: PING 127.0.0.1 (127.0.0.1): 56 data bytes
64 bytes from 127.0.0.1: icmp_seq=0 ttl=64 time=1.476 ms
--- 127.0.0.1 ping statistics ---
1 packets transmitted, 1 packets received, 0% packet loss
round-trip min/avg/max/stddev = 1.476/1.476/1.476/0.000 ms</msg>
<arg>Stdout is: ${result.stdout}</arg>
<doc>Logs the given message with the given level.</doc>
<status status="PASS" start="2025-04-23T12:15:21.418831" elapsed="0.000682"/>
</kw>
<kw name="Log" owner="BuiltIn">
<msg time="2025-04-23T12:15:21.420491" level="INFO">Stderr is: </msg>
<arg>Stderr is: ${result.stderr}</arg>
<doc>Logs the given message with the given level.</doc>
<status status="PASS" start="2025-04-23T12:15:21.419645" elapsed="0.001002"/>
</kw>
<kw name="Stop Test Server" owner="TestPingServer" type="TEARDOWN">
<status status="PASS" start="2025-04-23T12:15:21.421139" elapsed="0.000297"/>
</kw>
<doc>Setup and teardown from setting section</doc>
<timeout value="10 seconds"/>
<status status="PASS" start="2025-04-23T12:15:21.409249" elapsed="0.012271"/>
</test>
<status status="PASS" start="2025-04-23T12:15:21.401013" elapsed="0.021273"/>
</suite>
<status status="PASS" start="2025-04-23T12:15:21.384857" elapsed="0.038051"/>
</suite>
<statistics>
<total>
<stat pass="1" fail="0" skip="0">All Tests</stat>
</total>
<tag>
</tag>
<suite>
<stat name="Test" id="s1" pass="1" fail="0" skip="0">Test</stat>
<stat name="Ping" id="s1-s1" pass="1" fail="0" skip="0">Test.Ping</stat>
</suite>
</statistics>
<errors>
</errors>
</robot>
