<?xml version="1.0" encoding="UTF-8"?>
<robot generator="Robot 7.2.2 (Python 3.11.2 on linux)" generated="2025-04-22T20:58:29.312389" rpa="false" schemaversion="5">
<suite id="s1" name="Test" source="/test">
<suite id="s1-s1" name="Ping" source="/test/ping.robot">
<test id="s1-s1-t1" name="Test Receiving" line="12">
<kw name="Start Test Server" owner="TestPingServer" type="SETUP">
<status status="PASS" start="2025-04-22T20:58:29.355762" elapsed="0.000661"/>
</kw>
<kw name="Wait For Message" owner="TestPingServer">
<msg time="2025-04-22T20:58:41.387260" level="INFO">Packet from '127.0.0.1': 0 b'E\x00\x00T\xcb\x0e@\x00@\x01q\x98\x7f\x00\x00\x01\x7f\x00\x00\x01\x08\x00\xbc\xe6\x00\x18\x00\x00\xfeq\x00\x00\x00\x00\x00\x00\xbe\xd2\x00+\x00\x00\x00\x00\x00\x01\x02\x03\x04\x05\x06\x07\x08\t\n\x0b\x0c\r\x0e\x0f\x10\x11\x12\x13\x14\x15\x16\x17\x18\x19\x1a\x1b\x1c\x1d\x1e\x1f !"#$%&amp;\''
Packet from '127.0.0.1': 0 b'E\x00\x00T\xcb\x0e@\x00@\x01q\x98\x7f\x00\x00\x01\x7f\x00\x00\x01\x08\x00\xbc\xe6\x00\x18\x00\x00\xfeq\x00\x00\x00\x00\x00\x00\xbe\xd2\x00+\x00\x00\x00\x00\x00\x01\x02\x03\x04\x05\x06\x07\x08\t\n\x0b\x0c\r\x0e\x0f\x10\x11\x12\x13\x14\x15\x16\x17\x18\x19\x1a\x1b\x1c\x1d\x1e\x1f !"#$%&amp;\''</msg>
<status status="PASS" start="2025-04-22T20:58:29.356664" elapsed="12.031001"/>
</kw>
<kw name="Stop Test Server" owner="TestPingServer" type="TEARDOWN">
<status status="PASS" start="2025-04-22T20:58:41.388855" elapsed="0.000592"/>
</kw>
<doc>Setup and teardown from setting section</doc>
<status status="PASS" start="2025-04-22T20:58:29.354073" elapsed="12.035883"/>
</test>
<status status="PASS" start="2025-04-22T20:58:29.350300" elapsed="12.042516"/>
</suite>
<status status="PASS" start="2025-04-22T20:58:29.320617" elapsed="12.074443"/>
</suite>
<statistics>
<total>
<stat pass="1" fail="0" skip="0">All Tests</stat>
</total>
<tag>
</tag>
<suite>
<stat name="Test" id="s1" pass="1" fail="0" skip="0">Test</stat>
<stat name="Ping" id="s1-s1" pass="1" fail="0" skip="0">Test.Ping</stat>
</suite>
</statistics>
<errors>
</errors>
</robot>
